{"D:\\Courses\\CSE\\4th_Year\\Semester II\\Software Testing and Quality\\Testing Exercises\\sum.js": {"path":"D:\\Courses\\CSE\\4th_Year\\Semester II\\Software Testing and Quality\\Testing Exercises\\sum.js","statementMap":{"0":{"start":{"line":3,"column":4},"end":{"line":3,"column":15}},"1":{"start":{"line":6,"column":0},"end":{"line":6,"column":18}}},"fnMap":{"0":{"name":"sum","decl":{"start":{"line":1,"column":9},"end":{"line":1,"column":12}},"loc":{"start":{"line":2,"column":0},"end":{"line":4,"column":1}},"line":2}},"branchMap":{},"s":{"0":1,"1":1},"f":{"0":1},"b":{},"_coverageSchema":"1a1c01bbd47fc00a2c39e90264f33305004495a9","hash":"75a4255667a5bd565ce4305ab563664a4cba65b7"}
}
